0 info it worked if it ends with ok
1 verbose cli [ '/usr/local/bin/node', '/usr/local/bin/npm', 'run', 'buildExt' ]
2 info using npm@3.10.8
3 info using node@v6.9.1
4 verbose run-script [ 'prebuildExt', 'buildExt', 'postbuildExt' ]
5 info lifecycle bauvoiceapp@1.0.1~prebuildExt: bauvoiceapp@1.0.1
6 silly lifecycle bauvoiceapp@1.0.1~prebuildExt: no script for prebuildExt, continuing
7 info lifecycle bauvoiceapp@1.0.1~buildExt: bauvoiceapp@1.0.1
8 verbose lifecycle bauvoiceapp@1.0.1~buildExt: unsafe-perm in lifecycle true
9 verbose lifecycle bauvoiceapp@1.0.1~buildExt: PATH: /usr/local/lib/node_modules/npm/bin/node-gyp-bin:/Users/Sergey/Documents/okoshko/bauvoiceapp/node_modules/.bin:/usr/local/bin:/usr/bin:/bin:/usr/sbin:/sbin:/Users/Sergey/Downloads/apache-maven-3.3.9/bin
10 verbose lifecycle bauvoiceapp@1.0.1~buildExt: CWD: /Users/Sergey/Documents/okoshko/bauvoiceapp
11 silly lifecycle bauvoiceapp@1.0.1~buildExt: Args: [ '-c', 'gulp StekoExt && gulp WindowExt && gulp OrangeExt' ]
12 silly lifecycle bauvoiceapp@1.0.1~buildExt: Returned: code: 1  signal: null
13 info lifecycle bauvoiceapp@1.0.1~buildExt: Failed to exec buildExt script
14 verbose stack Error: bauvoiceapp@1.0.1 buildExt: `gulp StekoExt && gulp WindowExt && gulp OrangeExt`
14 verbose stack Exit status 1
14 verbose stack     at EventEmitter.<anonymous> (/usr/local/lib/node_modules/npm/lib/utils/lifecycle.js:255:16)
14 verbose stack     at emitTwo (events.js:106:13)
14 verbose stack     at EventEmitter.emit (events.js:191:7)
14 verbose stack     at ChildProcess.<anonymous> (/usr/local/lib/node_modules/npm/lib/utils/spawn.js:40:14)
14 verbose stack     at emitTwo (events.js:106:13)
14 verbose stack     at ChildProcess.emit (events.js:191:7)
14 verbose stack     at maybeClose (internal/child_process.js:877:16)
14 verbose stack     at Process.ChildProcess._handle.onexit (internal/child_process.js:226:5)
15 verbose pkgid bauvoiceapp@1.0.1
16 verbose cwd /Users/Sergey/Documents/okoshko/bauvoiceapp
17 error Darwin 15.6.0
18 error argv "/usr/local/bin/node" "/usr/local/bin/npm" "run" "buildExt"
19 error node v6.9.1
20 error npm  v3.10.8
21 error code ELIFECYCLE
22 error bauvoiceapp@1.0.1 buildExt: `gulp StekoExt && gulp WindowExt && gulp OrangeExt`
22 error Exit status 1
23 error Failed at the bauvoiceapp@1.0.1 buildExt script 'gulp StekoExt && gulp WindowExt && gulp OrangeExt'.
23 error Make sure you have the latest version of node.js and npm installed.
23 error If you do, this is most likely a problem with the bauvoiceapp package,
23 error not with npm itself.
23 error Tell the author that this fails on your system:
23 error     gulp StekoExt && gulp WindowExt && gulp OrangeExt
23 error You can get information on how to open an issue for this project with:
23 error     npm bugs bauvoiceapp
23 error Or if that isn't available, you can get their info via:
23 error     npm owner ls bauvoiceapp
23 error There is likely additional logging output above.
24 verbose exit [ 1, true ]
